<?xml version="1.0" encoding="UTF-8"?>
<!-- Generated by org.testng.reporters.JUnitReportReporter -->
<testsuite hostname="LAPTOP-MHDHOLS5" name="myTest1.NewTest" tests="1" failures="0" timestamp="19 Feb 2021 09:02:02 GMT" time="10.088" errors="0">
  <testcase name="signUp" time="10.088" classname="myTest1.NewTest"/>
</testsuite> <!-- myTest1.NewTest -->
