<?xml version="1.0" encoding="UTF-8"?>
<!-- Generated by org.testng.reporters.JUnitReportReporter -->
<testsuite hostname="LAPTOP-MHDHOLS5" name="Tests.LogInTest" tests="1" failures="0" timestamp="20 Feb 2021 18:05:18 GMT" time="8.113" errors="0">
  <testcase name="logIn" time="8.113" classname="Tests.LogInTest"/>
</testsuite> <!-- Tests.LogInTest -->
