<?xml version="1.0" encoding="UTF-8"?>
<!-- Generated by org.testng.reporters.JUnitReportReporter -->
<testsuite hostname="LAPTOP-MHDHOLS5" name="Tests.SignUpTest" tests="1" failures="0" timestamp="20 Feb 2021 18:55:33 GMT" time="13.957" errors="0">
  <testcase name="signUpTestPositive" time="13.957" classname="Tests.SignUpTest"/>
</testsuite> <!-- Tests.SignUpTest -->
